<?xml version="1.0" encoding="UTF-8"?>
<!-- Generated by org.testng.reporters.JUnitReportReporter -->
<testsuite hostname="BLRKEC254737L" name="com.flipkart.scripts.FlipkartLoginTest" tests="2" failures="0" timestamp="26 Aug 2019 01:57:59 GMT" time="67.100" errors="0">
  <testcase name="testLoginwithValidCredentials" time="5.116" classname="com.flipkart.scripts.FlipkartLoginTest"/>
  <testcase name="testsearchProduct" time="61.984" classname="com.flipkart.scripts.FlipkartLoginTest"/>
</testsuite> <!-- com.flipkart.scripts.FlipkartLoginTest -->
