<?xml version="1.0" encoding="UTF-8"?>
<!-- Generated by org.testng.reporters.JUnitReportReporter -->
<testsuite hostname="BLRKEC254737L" name="com.flipkart.scripts.FlipkartLoginTest" tests="2" failures="0" timestamp="22 Aug 2019 10:47:32 GMT" time="56.782" errors="0">
  <testcase name="testsearchProduct" time="52.261" classname="com.flipkart.scripts.FlipkartLoginTest"/>
  <testcase name="testLoginwithValidCredentials" time="4.521" classname="com.flipkart.scripts.FlipkartLoginTest"/>
</testsuite> <!-- com.flipkart.scripts.FlipkartLoginTest -->
