<?xml version="1.0" encoding="UTF-8"?>
<!-- Generated by org.testng.reporters.JUnitReportReporter -->
<testsuite hostname="BLRKEC254737L" name="com.flipkart.scripts.FlipkartLoginTest" tests="2" failures="0" timestamp="22 Aug 2019 11:35:41 GMT" time="59.119" errors="0">
  <testcase name="testsearchProduct" time="53.563" classname="com.flipkart.scripts.FlipkartLoginTest"/>
  <testcase name="testLoginwithValidCredentials" time="5.556" classname="com.flipkart.scripts.FlipkartLoginTest"/>
</testsuite> <!-- com.flipkart.scripts.FlipkartLoginTest -->
