<?xml version="1.0" encoding="UTF-8"?>
<!-- Generated by org.testng.reporters.JUnitReportReporter -->
<testsuite skipped="0" hostname="BLRKEC254737L" name="com.flipkart.scripts.FlipkartLoginTest" tests="2" failures="0" timestamp="22 Aug 2019 06:06:22 GMT" time="1.122" errors="0">
  <testcase name="testLoginwithValidCredentials" time="0.526" classname="com.flipkart.scripts.FlipkartLoginTest"/>
  <testcase name="testsearchProduct" time="0.596" classname="com.flipkart.scripts.FlipkartLoginTest"/>
</testsuite> <!-- com.flipkart.scripts.FlipkartLoginTest -->
