<?xml version="1.0" encoding="UTF-8"?>
<!-- Generated by org.testng.reporters.JUnitReportReporter -->
<testsuite skipped="0" hostname="BLRKEC254737L" name="com.flipkart.scripts.FlipkartLoginTest" tests="2" failures="0" timestamp="26 Aug 2019 01:56:02 GMT" time="73.450" errors="0">
  <testcase name="testLoginwithValidCredentials" time="11.750" classname="com.flipkart.scripts.FlipkartLoginTest"/>
  <testcase name="testsearchProduct" time="61.700" classname="com.flipkart.scripts.FlipkartLoginTest"/>
</testsuite> <!-- com.flipkart.scripts.FlipkartLoginTest -->
